# Logfile created on 2015-08-13 19:49:09 -0700 by logger.rb/47272
D, [2015-08-13T19:49:37.732656 #96289] DEBUG -- : [:buffer, :add, {:metric=>{"intuit.FPS.check1.responsetime"=>15}, :time=>2015-08-13 19:49:37 -0700}]
D, [2015-08-13T19:49:37.732795 #96289] DEBUG -- : [:connector_group, :publish, 1, [GraphiteAPI::Connector localhost:2003]]
D, [2015-08-13T19:49:37.732820 #96289] DEBUG -- : [:connector, :puts, "localhost:2003", "intuit.FPS.check1.responsetime 15.0 1439520577"]
D, [2015-08-13T19:49:37.732837 #96289] DEBUG -- : [:connector, ["localhost", 2003]]
D, [2015-08-13T19:49:37.734410 #96289] DEBUG -- : [:buffer, :add, {:metric=>{"intuit.FPS.check1.status"=>0}, :time=>2015-08-13 19:49:37 -0700}]
D, [2015-08-13T19:49:37.734485 #96289] DEBUG -- : [:connector_group, :publish, 1, [GraphiteAPI::Connector localhost:2003]]
D, [2015-08-13T19:49:37.734528 #96289] DEBUG -- : [:connector, :puts, "localhost:2003", "intuit.FPS.check1.status 0.0 1439520577"]
D, [2015-08-13T19:49:37.734562 #96289] DEBUG -- : [:buffer, :add, {:metric=>{"intuit.FPS.check2.responsetime"=>7}, :time=>2015-08-13 19:49:37 -0700}]
D, [2015-08-13T19:49:37.734598 #96289] DEBUG -- : [:connector_group, :publish, 1, [GraphiteAPI::Connector localhost:2003]]
D, [2015-08-13T19:49:37.734620 #96289] DEBUG -- : [:connector, :puts, "localhost:2003", "intuit.FPS.check2.responsetime 7.0 1439520577"]
D, [2015-08-13T19:49:37.734645 #96289] DEBUG -- : [:buffer, :add, {:metric=>{"intuit.FPS.check2.status"=>1}, :time=>2015-08-13 19:49:37 -0700}]
D, [2015-08-13T19:49:37.734678 #96289] DEBUG -- : [:connector_group, :publish, 1, [GraphiteAPI::Connector localhost:2003]]
D, [2015-08-13T19:49:37.734698 #96289] DEBUG -- : [:connector, :puts, "localhost:2003", "intuit.FPS.check2.status 1.0 1439520577"]
D, [2015-08-13T19:49:37.734743 #96289] DEBUG -- : [:buffer, :add, {:metric=>{"intuit.QBO.check1.responsetime"=>2, "intuit.QBO.check1.status"=>1, "intuit.QBO.check2.responsetime"=>2.1, "intuit.QBO.check2.status"=>0}, :time=>2015-08-13 19:49:37 -0700}]
D, [2015-08-13T19:49:37.734800 #96289] DEBUG -- : [:connector_group, :publish, 4, [GraphiteAPI::Connector localhost:2003]]
D, [2015-08-13T19:49:37.734819 #96289] DEBUG -- : [:connector, :puts, "localhost:2003", "intuit.QBO.check1.responsetime 2.0 1439520577"]
D, [2015-08-13T19:49:37.734857 #96289] DEBUG -- : [:connector, :puts, "localhost:2003", "intuit.QBO.check1.status 1.0 1439520577"]
D, [2015-08-13T19:49:37.734901 #96289] DEBUG -- : [:connector, :puts, "localhost:2003", "intuit.QBO.check2.responsetime 2.1 1439520577"]
D, [2015-08-13T19:49:37.734931 #96289] DEBUG -- : [:connector, :puts, "localhost:2003", "intuit.QBO.check2.status 0.0 1439520577"]
D, [2015-08-13T19:51:40.952843 #96290] DEBUG -- : [:buffer, :add, {:metric=>{"intuit.FPS.check1.responsetime"=>15}, :time=>2015-08-13 19:51:40 -0700}]
D, [2015-08-13T19:51:40.952976 #96290] DEBUG -- : [:connector_group, :publish, 1, [GraphiteAPI::Connector localhost:2003]]
D, [2015-08-13T19:51:40.953006 #96290] DEBUG -- : [:connector, :puts, "localhost:2003", "intuit.FPS.check1.responsetime 15.0 1439520700"]
D, [2015-08-13T19:51:40.953024 #96290] DEBUG -- : [:connector, ["localhost", 2003]]
D, [2015-08-13T19:51:40.954586 #96290] DEBUG -- : [:buffer, :add, {:metric=>{"intuit.FPS.check1.status"=>0}, :time=>2015-08-13 19:51:40 -0700}]
D, [2015-08-13T19:51:40.954673 #96290] DEBUG -- : [:connector_group, :publish, 1, [GraphiteAPI::Connector localhost:2003]]
D, [2015-08-13T19:51:40.954711 #96290] DEBUG -- : [:connector, :puts, "localhost:2003", "intuit.FPS.check1.status 0.0 1439520700"]
D, [2015-08-13T19:51:40.954765 #96290] DEBUG -- : [:buffer, :add, {:metric=>{"intuit.FPS.check2.responsetime"=>3}, :time=>2015-08-13 19:51:40 -0700}]
D, [2015-08-13T19:51:40.954827 #96290] DEBUG -- : [:connector_group, :publish, 1, [GraphiteAPI::Connector localhost:2003]]
D, [2015-08-13T19:51:40.954859 #96290] DEBUG -- : [:connector, :puts, "localhost:2003", "intuit.FPS.check2.responsetime 3.0 1439520700"]
D, [2015-08-13T19:51:40.954904 #96290] DEBUG -- : [:buffer, :add, {:metric=>{"intuit.FPS.check2.status"=>1}, :time=>2015-08-13 19:51:40 -0700}]
D, [2015-08-13T19:51:40.954963 #96290] DEBUG -- : [:connector_group, :publish, 1, [GraphiteAPI::Connector localhost:2003]]
D, [2015-08-13T19:51:40.954984 #96290] DEBUG -- : [:connector, :puts, "localhost:2003", "intuit.FPS.check2.status 1.0 1439520700"]
D, [2015-08-13T19:51:40.955042 #96290] DEBUG -- : [:buffer, :add, {:metric=>{"intuit.QBO.check1.responsetime"=>2, "intuit.QBO.check1.status"=>1, "intuit.QBO.check2.responsetime"=>10, "intuit.QBO.check2.status"=>0}, :time=>2015-08-13 19:51:40 -0700}]
D, [2015-08-13T19:51:40.955092 #96290] DEBUG -- : [:connector_group, :publish, 4, [GraphiteAPI::Connector localhost:2003]]
D, [2015-08-13T19:51:40.955110 #96290] DEBUG -- : [:connector, :puts, "localhost:2003", "intuit.QBO.check1.responsetime 2.0 1439520700"]
D, [2015-08-13T19:51:40.955159 #96290] DEBUG -- : [:connector, :puts, "localhost:2003", "intuit.QBO.check1.status 1.0 1439520700"]
D, [2015-08-13T19:51:40.955188 #96290] DEBUG -- : [:connector, :puts, "localhost:2003", "intuit.QBO.check2.responsetime 10.0 1439520700"]
D, [2015-08-13T19:51:40.955244 #96290] DEBUG -- : [:connector, :puts, "localhost:2003", "intuit.QBO.check2.status 0.0 1439520700"]
D, [2015-08-13T20:02:46.905628 #96375] DEBUG -- : [:buffer, :add, {:metric=>{"intuit.FPS.check1.responsetime"=>15}, :time=>2015-08-13 20:02:46 -0700}]
D, [2015-08-13T20:02:46.905755 #96375] DEBUG -- : [:connector_group, :publish, 1, [GraphiteAPI::Connector localhost:2003]]
D, [2015-08-13T20:02:46.905786 #96375] DEBUG -- : [:connector, :puts, "localhost:2003", "intuit.FPS.check1.responsetime 15.0 1439521366"]
D, [2015-08-13T20:02:46.905806 #96375] DEBUG -- : [:connector, ["localhost", 2003]]
D, [2015-08-13T20:02:46.907360 #96375] DEBUG -- : [:buffer, :add, {:metric=>{"intuit.FPS.check1.status"=>0}, :time=>2015-08-13 20:02:46 -0700}]
D, [2015-08-13T20:02:46.907455 #96375] DEBUG -- : [:connector_group, :publish, 1, [GraphiteAPI::Connector localhost:2003]]
D, [2015-08-13T20:02:46.907479 #96375] DEBUG -- : [:connector, :puts, "localhost:2003", "intuit.FPS.check1.status 0.0 1439521366"]
D, [2015-08-13T20:02:46.907513 #96375] DEBUG -- : [:buffer, :add, {:metric=>{"intuit.FPS.check2.responsetime"=>3}, :time=>2015-08-13 20:02:46 -0700}]
D, [2015-08-13T20:02:46.907553 #96375] DEBUG -- : [:connector_group, :publish, 1, [GraphiteAPI::Connector localhost:2003]]
D, [2015-08-13T20:02:46.907576 #96375] DEBUG -- : [:connector, :puts, "localhost:2003", "intuit.FPS.check2.responsetime 3.0 1439521366"]
D, [2015-08-13T20:02:46.907604 #96375] DEBUG -- : [:buffer, :add, {:metric=>{"intuit.FPS.check2.status"=>1}, :time=>2015-08-13 20:02:46 -0700}]
D, [2015-08-13T20:02:46.907640 #96375] DEBUG -- : [:connector_group, :publish, 1, [GraphiteAPI::Connector localhost:2003]]
D, [2015-08-13T20:02:46.907662 #96375] DEBUG -- : [:connector, :puts, "localhost:2003", "intuit.FPS.check2.status 1.0 1439521366"]
D, [2015-08-13T20:02:46.907691 #96375] DEBUG -- : [:buffer, :add, {:metric=>{"intuit.QBO.check1.responsetime"=>2, "intuit.QBO.check1.status"=>1, "intuit.QBO.check2.responsetime"=>10, "intuit.QBO.check2.status"=>0}, :time=>2015-08-13 20:02:46 -0700}]
D, [2015-08-13T20:02:46.907744 #96375] DEBUG -- : [:connector_group, :publish, 4, [GraphiteAPI::Connector localhost:2003]]
D, [2015-08-13T20:02:46.907764 #96375] DEBUG -- : [:connector, :puts, "localhost:2003", "intuit.QBO.check1.responsetime 2.0 1439521366"]
D, [2015-08-13T20:02:46.907789 #96375] DEBUG -- : [:connector, :puts, "localhost:2003", "intuit.QBO.check1.status 1.0 1439521366"]
D, [2015-08-13T20:02:46.907814 #96375] DEBUG -- : [:connector, :puts, "localhost:2003", "intuit.QBO.check2.responsetime 10.0 1439521366"]
D, [2015-08-13T20:02:46.907839 #96375] DEBUG -- : [:connector, :puts, "localhost:2003", "intuit.QBO.check2.status 0.0 1439521366"]
D, [2015-08-13T20:08:50.352156 #96377] DEBUG -- : [:buffer, :add, {:metric=>{"intuit.FPS.check1.responsetime"=>15}, :time=>2015-08-13 20:08:50 -0700}]
D, [2015-08-13T20:08:50.352271 #96377] DEBUG -- : [:connector_group, :publish, 1, [GraphiteAPI::Connector localhost:2003]]
D, [2015-08-13T20:08:50.352298 #96377] DEBUG -- : [:connector, :puts, "localhost:2003", "intuit.FPS.check1.responsetime 15.0 1439521730"]
D, [2015-08-13T20:08:50.352326 #96377] DEBUG -- : [:connector, ["localhost", 2003]]
D, [2015-08-13T20:08:50.353386 #96377] DEBUG -- : [:buffer, :add, {:metric=>{"intuit.FPS.check1.status"=>0}, :time=>2015-08-13 20:08:50 -0700}]
D, [2015-08-13T20:08:50.353469 #96377] DEBUG -- : [:connector_group, :publish, 1, [GraphiteAPI::Connector localhost:2003]]
D, [2015-08-13T20:08:50.353495 #96377] DEBUG -- : [:connector, :puts, "localhost:2003", "intuit.FPS.check1.status 0.0 1439521730"]
D, [2015-08-13T20:08:50.353529 #96377] DEBUG -- : [:buffer, :add, {:metric=>{"intuit.FPS.check2.responsetime"=>3}, :time=>2015-08-13 20:08:50 -0700}]
D, [2015-08-13T20:08:50.353581 #96377] DEBUG -- : [:connector_group, :publish, 1, [GraphiteAPI::Connector localhost:2003]]
D, [2015-08-13T20:08:50.353625 #96377] DEBUG -- : [:connector, :puts, "localhost:2003", "intuit.FPS.check2.responsetime 3.0 1439521730"]
D, [2015-08-13T20:08:50.353665 #96377] DEBUG -- : [:buffer, :add, {:metric=>{"intuit.FPS.check2.status"=>1}, :time=>2015-08-13 20:08:50 -0700}]
D, [2015-08-13T20:08:50.353714 #96377] DEBUG -- : [:connector_group, :publish, 1, [GraphiteAPI::Connector localhost:2003]]
D, [2015-08-13T20:08:50.353732 #96377] DEBUG -- : [:connector, :puts, "localhost:2003", "intuit.FPS.check2.status 1.0 1439521730"]
D, [2015-08-13T20:10:37.895966 #96380] DEBUG -- : [:buffer, :add, {:metric=>{"intuit.FPS.check1.responsetime"=>12}, :time=>2015-08-13 20:10:37 -0700}]
D, [2015-08-13T20:10:37.896077 #96380] DEBUG -- : [:connector_group, :publish, 1, [GraphiteAPI::Connector localhost:2003]]
D, [2015-08-13T20:10:37.896102 #96380] DEBUG -- : [:connector, :puts, "localhost:2003", "intuit.FPS.check1.responsetime 12.0 1439521837"]
D, [2015-08-13T20:10:37.896117 #96380] DEBUG -- : [:connector, ["localhost", 2003]]
D, [2015-08-13T20:10:37.897788 #96380] DEBUG -- : [:buffer, :add, {:metric=>{"intuit.FPS.check1.status"=>0}, :time=>2015-08-13 20:10:37 -0700}]
D, [2015-08-13T20:10:37.897859 #96380] DEBUG -- : [:connector_group, :publish, 1, [GraphiteAPI::Connector localhost:2003]]
D, [2015-08-13T20:10:37.897880 #96380] DEBUG -- : [:connector, :puts, "localhost:2003", "intuit.FPS.check1.status 0.0 1439521837"]
D, [2015-08-13T20:10:37.897919 #96380] DEBUG -- : [:buffer, :add, {:metric=>{"intuit.FPS.check2.responsetime"=>2}, :time=>2015-08-13 20:10:37 -0700}]
D, [2015-08-13T20:10:37.897964 #96380] DEBUG -- : [:connector_group, :publish, 1, [GraphiteAPI::Connector localhost:2003]]
D, [2015-08-13T20:10:37.897982 #96380] DEBUG -- : [:connector, :puts, "localhost:2003", "intuit.FPS.check2.responsetime 2.0 1439521837"]
D, [2015-08-13T20:10:37.898024 #96380] DEBUG -- : [:buffer, :add, {:metric=>{"intuit.FPS.check2.status"=>1}, :time=>2015-08-13 20:10:37 -0700}]
D, [2015-08-13T20:10:37.898068 #96380] DEBUG -- : [:connector_group, :publish, 1, [GraphiteAPI::Connector localhost:2003]]
D, [2015-08-13T20:10:37.898086 #96380] DEBUG -- : [:connector, :puts, "localhost:2003", "intuit.FPS.check2.status 1.0 1439521837"]
D, [2015-08-13T20:10:37.898182 #96380] DEBUG -- : [:buffer, :add, {:metric=>{"intuit.QBO.check1.responsetime"=>4, "intuit.QBO.check1.status"=>1, "intuit.QBO.check2.responsetime"=>11, "intuit.QBO.check2.status"=>0}, :time=>2015-08-13 20:10:37 -0700}]
D, [2015-08-13T20:10:37.898244 #96380] DEBUG -- : [:connector_group, :publish, 4, [GraphiteAPI::Connector localhost:2003]]
D, [2015-08-13T20:10:37.898265 #96380] DEBUG -- : [:connector, :puts, "localhost:2003", "intuit.QBO.check1.responsetime 4.0 1439521837"]
D, [2015-08-13T20:10:37.898280 #96380] DEBUG -- : [:connector, ["localhost", 2003]]
D, [2015-08-13T20:10:37.898867 #96380] DEBUG -- : [:connector, :puts, "localhost:2003", "intuit.QBO.check1.status 1.0 1439521837"]
D, [2015-08-13T20:10:37.898930 #96380] DEBUG -- : [:connector, :puts, "localhost:2003", "intuit.QBO.check2.responsetime 11.0 1439521837"]
D, [2015-08-13T20:10:37.898959 #96380] DEBUG -- : [:connector, :puts, "localhost:2003", "intuit.QBO.check2.status 0.0 1439521837"]
D, [2015-08-13T20:12:46.518228 #96383] DEBUG -- : [:buffer, :add, {:metric=>{"intuit.QBO.check1.responsetime"=>2, "intuit.QBO.check1.status"=>1, "intuit.QBO.check2.responsetime"=>11, "intuit.QBO.check2.status"=>0}, :time=>2015-08-13 20:12:46 -0700}]
D, [2015-08-13T20:12:46.518430 #96383] DEBUG -- : [:connector_group, :publish, 4, [GraphiteAPI::Connector localhost:2003]]
D, [2015-08-13T20:12:46.518465 #96383] DEBUG -- : [:connector, :puts, "localhost:2003", "intuit.QBO.check1.responsetime 2.0 1439521966"]
D, [2015-08-13T20:12:46.518483 #96383] DEBUG -- : [:connector, ["localhost", 2003]]
D, [2015-08-13T20:12:46.520158 #96383] DEBUG -- : [:connector, :puts, "localhost:2003", "intuit.QBO.check1.status 1.0 1439521966"]
D, [2015-08-13T20:12:46.520213 #96383] DEBUG -- : [:connector, :puts, "localhost:2003", "intuit.QBO.check2.responsetime 11.0 1439521966"]
D, [2015-08-13T20:12:46.520244 #96383] DEBUG -- : [:connector, :puts, "localhost:2003", "intuit.QBO.check2.status 0.0 1439521966"]
D, [2015-08-13T20:13:01.228792 #96383] DEBUG -- : [:buffer, :add, {:metric=>{"intuit.FPS.check1.responsetime"=>9}, :time=>2015-08-13 20:13:01 -0700}]
D, [2015-08-13T20:13:01.228868 #96383] DEBUG -- : [:connector_group, :publish, 1, [GraphiteAPI::Connector localhost:2003]]
D, [2015-08-13T20:13:01.228897 #96383] DEBUG -- : [:connector, :puts, "localhost:2003", "intuit.FPS.check1.responsetime 9.0 1439521981"]
D, [2015-08-13T20:13:01.228924 #96383] DEBUG -- : [:connector, ["localhost", 2003]]
D, [2015-08-13T20:13:01.229484 #96383] DEBUG -- : [:buffer, :add, {:metric=>{"intuit.FPS.check1.status"=>0}, :time=>2015-08-13 20:13:01 -0700}]
D, [2015-08-13T20:13:01.229547 #96383] DEBUG -- : [:connector_group, :publish, 1, [GraphiteAPI::Connector localhost:2003]]
D, [2015-08-13T20:13:01.229572 #96383] DEBUG -- : [:connector, :puts, "localhost:2003", "intuit.FPS.check1.status 0.0 1439521981"]
D, [2015-08-13T20:13:01.229630 #96383] DEBUG -- : [:buffer, :add, {:metric=>{"intuit.FPS.check2.responsetime"=>3}, :time=>2015-08-13 20:13:01 -0700}]
D, [2015-08-13T20:13:01.229672 #96383] DEBUG -- : [:connector_group, :publish, 1, [GraphiteAPI::Connector localhost:2003]]
D, [2015-08-13T20:13:01.229713 #96383] DEBUG -- : [:connector, :puts, "localhost:2003", "intuit.FPS.check2.responsetime 3.0 1439521981"]
D, [2015-08-13T20:13:01.229742 #96383] DEBUG -- : [:buffer, :add, {:metric=>{"intuit.FPS.check2.status"=>1}, :time=>2015-08-13 20:13:01 -0700}]
D, [2015-08-13T20:13:01.229777 #96383] DEBUG -- : [:connector_group, :publish, 1, [GraphiteAPI::Connector localhost:2003]]
D, [2015-08-13T20:13:01.229805 #96383] DEBUG -- : [:connector, :puts, "localhost:2003", "intuit.FPS.check2.status 1.0 1439521981"]
D, [2015-08-13T20:13:02.370317 #96383] DEBUG -- : [:buffer, :add, {:metric=>{"intuit.FPS.check1.responsetime"=>13}, :time=>2015-08-13 20:13:02 -0700}]
D, [2015-08-13T20:13:02.370427 #96383] DEBUG -- : [:connector_group, :publish, 1, [GraphiteAPI::Connector localhost:2003]]
D, [2015-08-13T20:13:02.370456 #96383] DEBUG -- : [:connector, :puts, "localhost:2003", "intuit.FPS.check1.responsetime 13.0 1439521982"]
D, [2015-08-13T20:13:02.370477 #96383] DEBUG -- : [:connector, ["localhost", 2003]]
D, [2015-08-13T20:13:02.371020 #96383] DEBUG -- : [:buffer, :add, {:metric=>{"intuit.FPS.check1.status"=>0}, :time=>2015-08-13 20:13:02 -0700}]
D, [2015-08-13T20:13:02.371080 #96383] DEBUG -- : [:connector_group, :publish, 1, [GraphiteAPI::Connector localhost:2003]]
D, [2015-08-13T20:13:02.371105 #96383] DEBUG -- : [:connector, :puts, "localhost:2003", "intuit.FPS.check1.status 0.0 1439521982"]
D, [2015-08-13T20:13:02.371149 #96383] DEBUG -- : [:buffer, :add, {:metric=>{"intuit.FPS.check2.responsetime"=>2}, :time=>2015-08-13 20:13:02 -0700}]
D, [2015-08-13T20:13:02.371186 #96383] DEBUG -- : [:connector_group, :publish, 1, [GraphiteAPI::Connector localhost:2003]]
D, [2015-08-13T20:13:02.371217 #96383] DEBUG -- : [:connector, :puts, "localhost:2003", "intuit.FPS.check2.responsetime 2.0 1439521982"]
D, [2015-08-13T20:13:02.371253 #96383] DEBUG -- : [:buffer, :add, {:metric=>{"intuit.FPS.check2.status"=>1}, :time=>2015-08-13 20:13:02 -0700}]
D, [2015-08-13T20:13:02.371307 #96383] DEBUG -- : [:connector_group, :publish, 1, [GraphiteAPI::Connector localhost:2003]]
D, [2015-08-13T20:13:02.372638 #96383] DEBUG -- : [:connector, :puts, "localhost:2003", "intuit.FPS.check2.status 1.0 1439521982"]
D, [2015-08-13T20:13:03.142161 #96383] DEBUG -- : [:buffer, :add, {:metric=>{"intuit.FPS.check1.responsetime"=>15}, :time=>2015-08-13 20:13:03 -0700}]
D, [2015-08-13T20:13:03.142246 #96383] DEBUG -- : [:connector_group, :publish, 1, [GraphiteAPI::Connector localhost:2003]]
D, [2015-08-13T20:13:03.142272 #96383] DEBUG -- : [:connector, :puts, "localhost:2003", "intuit.FPS.check1.responsetime 15.0 1439521983"]
D, [2015-08-13T20:13:03.142327 #96383] DEBUG -- : [:connector, ["localhost", 2003]]
D, [2015-08-13T20:13:03.142773 #96383] DEBUG -- : [:buffer, :add, {:metric=>{"intuit.FPS.check1.status"=>0}, :time=>2015-08-13 20:13:03 -0700}]
D, [2015-08-13T20:13:03.142819 #96383] DEBUG -- : [:connector_group, :publish, 1, [GraphiteAPI::Connector localhost:2003]]
D, [2015-08-13T20:13:03.142845 #96383] DEBUG -- : [:connector, :puts, "localhost:2003", "intuit.FPS.check1.status 0.0 1439521983"]
D, [2015-08-13T20:13:03.142887 #96383] DEBUG -- : [:buffer, :add, {:metric=>{"intuit.FPS.check2.responsetime"=>2}, :time=>2015-08-13 20:13:03 -0700}]
D, [2015-08-13T20:13:03.142922 #96383] DEBUG -- : [:connector_group, :publish, 1, [GraphiteAPI::Connector localhost:2003]]
D, [2015-08-13T20:13:03.142944 #96383] DEBUG -- : [:connector, :puts, "localhost:2003", "intuit.FPS.check2.responsetime 2.0 1439521983"]
D, [2015-08-13T20:13:03.142969 #96383] DEBUG -- : [:buffer, :add, {:metric=>{"intuit.FPS.check2.status"=>1}, :time=>2015-08-13 20:13:03 -0700}]
D, [2015-08-13T20:13:03.143002 #96383] DEBUG -- : [:connector_group, :publish, 1, [GraphiteAPI::Connector localhost:2003]]
D, [2015-08-13T20:13:03.143022 #96383] DEBUG -- : [:connector, :puts, "localhost:2003", "intuit.FPS.check2.status 1.0 1439521983"]
D, [2015-08-13T20:14:44.448487 #96384] DEBUG -- : [:buffer, :add, {:metric=>{"intuit.QBO.check1.responsetime"=>4, "intuit.QBO.check1.status"=>1, "intuit.QBO.check2.responsetime"=>10, "intuit.QBO.check2.status"=>0}, :time=>2015-08-13 20:14:44 -0700}]
D, [2015-08-13T20:14:44.448720 #96384] DEBUG -- : [:connector_group, :publish, 4, [GraphiteAPI::Connector localhost:2003]]
D, [2015-08-13T20:14:44.448760 #96384] DEBUG -- : [:connector, :puts, "localhost:2003", "intuit.QBO.check1.responsetime 4.0 1439522084"]
D, [2015-08-13T20:14:44.448800 #96384] DEBUG -- : [:connector, ["localhost", 2003]]
D, [2015-08-13T20:14:44.450371 #96384] DEBUG -- : [:connector, :puts, "localhost:2003", "intuit.QBO.check1.status 1.0 1439522084"]
D, [2015-08-13T20:14:44.450429 #96384] DEBUG -- : [:connector, :puts, "localhost:2003", "intuit.QBO.check2.responsetime 10.0 1439522084"]
D, [2015-08-13T20:14:44.450460 #96384] DEBUG -- : [:connector, :puts, "localhost:2003", "intuit.QBO.check2.status 0.0 1439522084"]
D, [2015-08-13T20:20:42.292966 #96384] DEBUG -- : [:buffer, :add, {:metric=>{"intuit.FPS.check1.responsetime"=>11}, :time=>2015-08-13 20:20:42 -0700}]
D, [2015-08-13T20:20:42.293749 #96384] DEBUG -- : [:connector_group, :publish, 1, [GraphiteAPI::Connector localhost:2003]]
D, [2015-08-13T20:20:42.293784 #96384] DEBUG -- : [:connector, :puts, "localhost:2003", "intuit.FPS.check1.responsetime 11.0 1439522442"]
D, [2015-08-13T20:20:42.293804 #96384] DEBUG -- : [:connector, ["localhost", 2003]]
D, [2015-08-13T20:20:42.294378 #96384] DEBUG -- : [:buffer, :add, {:metric=>{"intuit.FPS.check1.status"=>0}, :time=>2015-08-13 20:20:42 -0700}]
D, [2015-08-13T20:20:42.294447 #96384] DEBUG -- : [:connector_group, :publish, 1, [GraphiteAPI::Connector localhost:2003]]
D, [2015-08-13T20:20:42.294472 #96384] DEBUG -- : [:connector, :puts, "localhost:2003", "intuit.FPS.check1.status 0.0 1439522442"]
D, [2015-08-13T20:20:42.294504 #96384] DEBUG -- : [:buffer, :add, {:metric=>{"intuit.FPS.check2.responsetime"=>4}, :time=>2015-08-13 20:20:42 -0700}]
D, [2015-08-13T20:20:42.294557 #96384] DEBUG -- : [:connector_group, :publish, 1, [GraphiteAPI::Connector localhost:2003]]
D, [2015-08-13T20:20:42.294591 #96384] DEBUG -- : [:connector, :puts, "localhost:2003", "intuit.FPS.check2.responsetime 4.0 1439522442"]
D, [2015-08-13T20:20:42.294622 #96384] DEBUG -- : [:buffer, :add, {:metric=>{"intuit.FPS.check2.status"=>1}, :time=>2015-08-13 20:20:42 -0700}]
D, [2015-08-13T20:20:42.294659 #96384] DEBUG -- : [:connector_group, :publish, 1, [GraphiteAPI::Connector localhost:2003]]
D, [2015-08-13T20:20:42.294678 #96384] DEBUG -- : [:connector, :puts, "localhost:2003", "intuit.FPS.check2.status 1.0 1439522442"]
D, [2015-08-13T20:23:47.785064 #96472] DEBUG -- : [:buffer, :add, {:metric=>{"intuit.QBO.check1.responsetime"=>4, "intuit.QBO.check1.status"=>1, "intuit.QBO.check2.responsetime"=>10, "intuit.QBO.check2.status"=>0}, :time=>2015-08-13 20:23:47 -0700}]
D, [2015-08-13T20:23:47.785190 #96472] DEBUG -- : [:connector_group, :publish, 4, [GraphiteAPI::Connector localhost:2003]]
D, [2015-08-13T20:23:47.785215 #96472] DEBUG -- : [:connector, :puts, "localhost:2003", "intuit.QBO.check1.responsetime 4.0 1439522627"]
D, [2015-08-13T20:23:47.785231 #96472] DEBUG -- : [:connector, ["localhost", 2003]]
D, [2015-08-13T20:23:47.785801 #96472] DEBUG -- : [:connector, :puts, "localhost:2003", "intuit.QBO.check1.status 1.0 1439522627"]
D, [2015-08-13T20:23:47.785855 #96472] DEBUG -- : [:connector, :puts, "localhost:2003", "intuit.QBO.check2.responsetime 10.0 1439522627"]
D, [2015-08-13T20:23:47.785887 #96472] DEBUG -- : [:connector, :puts, "localhost:2003", "intuit.QBO.check2.status 0.0 1439522627"]
D, [2015-08-13T20:23:59.632924 #96472] DEBUG -- : [:buffer, :add, {:metric=>{"intuit.FPS.check1.responsetime"=>11}, :time=>2015-08-13 20:23:59 -0700}]
D, [2015-08-13T20:23:59.633007 #96472] DEBUG -- : [:connector_group, :publish, 1, [GraphiteAPI::Connector localhost:2003]]
D, [2015-08-13T20:23:59.633032 #96472] DEBUG -- : [:connector, :puts, "localhost:2003", "intuit.FPS.check1.responsetime 11.0 1439522639"]
D, [2015-08-13T20:23:59.633047 #96472] DEBUG -- : [:connector, ["localhost", 2003]]
D, [2015-08-13T20:23:59.633561 #96472] DEBUG -- : [:buffer, :add, {:metric=>{"intuit.FPS.check1.status"=>0}, :time=>2015-08-13 20:23:59 -0700}]
D, [2015-08-13T20:23:59.633626 #96472] DEBUG -- : [:connector_group, :publish, 1, [GraphiteAPI::Connector localhost:2003]]
D, [2015-08-13T20:23:59.633648 #96472] DEBUG -- : [:connector, :puts, "localhost:2003", "intuit.FPS.check1.status 0.0 1439522639"]
D, [2015-08-13T20:23:59.633677 #96472] DEBUG -- : [:buffer, :add, {:metric=>{"intuit.FPS.check2.responsetime"=>4}, :time=>2015-08-13 20:23:59 -0700}]
D, [2015-08-13T20:23:59.633712 #96472] DEBUG -- : [:connector_group, :publish, 1, [GraphiteAPI::Connector localhost:2003]]
D, [2015-08-13T20:23:59.633730 #96472] DEBUG -- : [:connector, :puts, "localhost:2003", "intuit.FPS.check2.responsetime 4.0 1439522639"]
D, [2015-08-13T20:23:59.633770 #96472] DEBUG -- : [:buffer, :add, {:metric=>{"intuit.FPS.check2.status"=>1}, :time=>2015-08-13 20:23:59 -0700}]
D, [2015-08-13T20:23:59.633804 #96472] DEBUG -- : [:connector_group, :publish, 1, [GraphiteAPI::Connector localhost:2003]]
D, [2015-08-13T20:23:59.633821 #96472] DEBUG -- : [:connector, :puts, "localhost:2003", "intuit.FPS.check2.status 1.0 1439522639"]
D, [2015-08-13T20:26:58.253715 #96474] DEBUG -- : [:buffer, :add, {:metric=>{"intuit.FPS.check1.responsetime"=>10}, :time=>2015-08-13 20:26:58 -0700}]
D, [2015-08-13T20:26:58.253809 #96474] DEBUG -- : [:connector_group, :publish, 1, [GraphiteAPI::Connector localhost:2003]]
D, [2015-08-13T20:26:58.253834 #96474] DEBUG -- : [:connector, :puts, "localhost:2003", "intuit.FPS.check1.responsetime 10.0 1439522818"]
D, [2015-08-13T20:26:58.253853 #96474] DEBUG -- : [:connector, ["localhost", 2003]]
D, [2015-08-13T20:26:58.254414 #96474] DEBUG -- : [:buffer, :add, {:metric=>{"intuit.FPS.check1.status"=>0}, :time=>2015-08-13 20:26:58 -0700}]
D, [2015-08-13T20:26:58.254473 #96474] DEBUG -- : [:connector_group, :publish, 1, [GraphiteAPI::Connector localhost:2003]]
D, [2015-08-13T20:26:58.254496 #96474] DEBUG -- : [:connector, :puts, "localhost:2003", "intuit.FPS.check1.status 0.0 1439522818"]
D, [2015-08-13T20:26:58.254543 #96474] DEBUG -- : [:buffer, :add, {:metric=>{"intuit.FPS.check2.responsetime"=>4}, :time=>2015-08-13 20:26:58 -0700}]
D, [2015-08-13T20:26:58.254580 #96474] DEBUG -- : [:connector_group, :publish, 1, [GraphiteAPI::Connector localhost:2003]]
D, [2015-08-13T20:26:58.254598 #96474] DEBUG -- : [:connector, :puts, "localhost:2003", "intuit.FPS.check2.responsetime 4.0 1439522818"]
D, [2015-08-13T20:26:58.254623 #96474] DEBUG -- : [:buffer, :add, {:metric=>{"intuit.FPS.check2.status"=>1}, :time=>2015-08-13 20:26:58 -0700}]
D, [2015-08-13T20:26:58.254661 #96474] DEBUG -- : [:connector_group, :publish, 1, [GraphiteAPI::Connector localhost:2003]]
D, [2015-08-13T20:26:58.254678 #96474] DEBUG -- : [:connector, :puts, "localhost:2003", "intuit.FPS.check2.status 1.0 1439522818"]
D, [2015-08-13T20:29:13.861180 #96479] DEBUG -- : [:buffer, :add, {:metric=>{"intuit.FPS.check1.responsetime"=>14}, :time=>2015-08-13 20:29:13 -0700}]
D, [2015-08-13T20:29:13.861304 #96479] DEBUG -- : [:connector_group, :publish, 1, [GraphiteAPI::Connector localhost:2003]]
D, [2015-08-13T20:29:13.861335 #96479] DEBUG -- : [:connector, :puts, "localhost:2003", "intuit.FPS.check1.responsetime 14.0 1439522953"]
D, [2015-08-13T20:29:13.861353 #96479] DEBUG -- : [:connector, ["localhost", 2003]]
D, [2015-08-13T20:29:13.862003 #96479] DEBUG -- : [:buffer, :add, {:metric=>{"intuit.FPS.check1.status"=>0}, :time=>2015-08-13 20:29:13 -0700}]
D, [2015-08-13T20:29:13.862145 #96479] DEBUG -- : [:connector_group, :publish, 1, [GraphiteAPI::Connector localhost:2003]]
D, [2015-08-13T20:29:13.862193 #96479] DEBUG -- : [:connector, :puts, "localhost:2003", "intuit.FPS.check1.status 0.0 1439522953"]
D, [2015-08-13T20:31:09.667185 #96501] DEBUG -- : [:buffer, :add, {:metric=>{"intuit.FPS.check1.responsetime"=>9}, :time=>2015-08-13 20:31:09 -0700}]
D, [2015-08-13T20:31:09.667292 #96501] DEBUG -- : [:connector_group, :publish, 1, [GraphiteAPI::Connector localhost:2003]]
D, [2015-08-13T20:31:09.667317 #96501] DEBUG -- : [:connector, :puts, "localhost:2003", "intuit.FPS.check1.responsetime 9.0 1439523069"]
D, [2015-08-13T20:31:09.667333 #96501] DEBUG -- : [:connector, ["localhost", 2003]]
D, [2015-08-13T20:31:09.668063 #96501] DEBUG -- : [:buffer, :add, {:metric=>{"intuit.FPS.check1.status"=>0}, :time=>2015-08-13 20:31:09 -0700}]
D, [2015-08-13T20:31:09.668123 #96501] DEBUG -- : [:connector_group, :publish, 1, [GraphiteAPI::Connector localhost:2003]]
D, [2015-08-13T20:31:09.668147 #96501] DEBUG -- : [:connector, :puts, "localhost:2003", "intuit.FPS.check1.status 0.0 1439523069"]
D, [2015-08-13T20:34:09.926520 #96561] DEBUG -- : [:buffer, :add, {:metric=>{"intuit.FPS.check1.responsetime"=>10}, :time=>2015-08-13 20:34:09 -0700}]
D, [2015-08-13T20:34:09.926634 #96561] DEBUG -- : [:connector_group, :publish, 1, [GraphiteAPI::Connector localhost:2003]]
D, [2015-08-13T20:34:09.926663 #96561] DEBUG -- : [:connector, :puts, "localhost:2003", "intuit.FPS.check1.responsetime 10.0 1439523249"]
D, [2015-08-13T20:34:09.926684 #96561] DEBUG -- : [:connector, ["localhost", 2003]]
D, [2015-08-13T20:34:09.927243 #96561] DEBUG -- : [:buffer, :add, {:metric=>{"intuit.FPS.check1.status"=>0}, :time=>2015-08-13 20:34:09 -0700}]
D, [2015-08-13T20:34:09.927305 #96561] DEBUG -- : [:connector_group, :publish, 1, [GraphiteAPI::Connector localhost:2003]]
D, [2015-08-13T20:34:09.927329 #96561] DEBUG -- : [:connector, :puts, "localhost:2003", "intuit.FPS.check1.status 0.0 1439523249"]
D, [2015-08-13T20:38:58.995484 #96628] DEBUG -- : [:buffer, :add, {:metric=>{"intuit.FPS.check1.responsetime"=>11}, :time=>2015-08-13 20:38:58 -0700}]
D, [2015-08-13T20:38:58.995596 #96628] DEBUG -- : [:connector_group, :publish, 1, [GraphiteAPI::Connector localhost:2003]]
D, [2015-08-13T20:38:58.995622 #96628] DEBUG -- : [:connector, :puts, "localhost:2003", "intuit.FPS.check1.responsetime 11.0 1439523538"]
D, [2015-08-13T20:38:58.995638 #96628] DEBUG -- : [:connector, ["localhost", 2003]]
D, [2015-08-13T20:39:02.786135 #96628] DEBUG -- : [:buffer, :add, {:metric=>{"intuit.FPS.check1.responsetime"=>15}, :time=>2015-08-13 20:39:02 -0700}]
D, [2015-08-13T20:39:02.786229 #96628] DEBUG -- : [:connector_group, :publish, 1, [GraphiteAPI::Connector localhost:2003]]
D, [2015-08-13T20:39:02.786255 #96628] DEBUG -- : [:connector, :puts, "localhost:2003", "intuit.FPS.check1.responsetime 15.0 1439523542"]
D, [2015-08-13T20:39:02.786271 #96628] DEBUG -- : [:connector, ["localhost", 2003]]
D, [2015-08-13T20:39:02.786918 #96628] DEBUG -- : [:buffer, :add, {:metric=>{"intuit.FPS.check1.status"=>0}, :time=>2015-08-13 20:39:02 -0700}]
D, [2015-08-13T20:39:02.786983 #96628] DEBUG -- : [:connector_group, :publish, 1, [GraphiteAPI::Connector localhost:2003]]
D, [2015-08-13T20:39:02.787007 #96628] DEBUG -- : [:connector, :puts, "localhost:2003", "intuit.FPS.check1.status 0.0 1439523542"]
D, [2015-08-13T20:39:06.631049 #96628] DEBUG -- : [:buffer, :add, {:metric=>{"intuit.FPS.check1.responsetime"=>1}, :time=>2015-08-13 20:39:06 -0700}]
D, [2015-08-13T20:39:06.631136 #96628] DEBUG -- : [:connector_group, :publish, 1, [GraphiteAPI::Connector localhost:2003]]
D, [2015-08-13T20:39:06.631164 #96628] DEBUG -- : [:connector, :puts, "localhost:2003", "intuit.FPS.check1.responsetime 1.0 1439523546"]
D, [2015-08-13T20:39:06.631181 #96628] DEBUG -- : [:connector, ["localhost", 2003]]
D, [2015-08-13T20:39:06.631681 #96628] DEBUG -- : [:buffer, :add, {:metric=>{"intuit.FPS.check1.status"=>1}, :time=>2015-08-13 20:39:06 -0700}]
D, [2015-08-13T20:39:06.631750 #96628] DEBUG -- : [:connector_group, :publish, 1, [GraphiteAPI::Connector localhost:2003]]
D, [2015-08-13T20:39:06.631775 #96628] DEBUG -- : [:connector, :puts, "localhost:2003", "intuit.FPS.check1.status 1.0 1439523546"]
D, [2015-08-13T20:39:06.631806 #96628] DEBUG -- : [:buffer, :add, {:metric=>{"intuit.FPS.check2.responsetime"=>11}, :time=>2015-08-13 20:39:06 -0700}]
D, [2015-08-13T20:39:06.631867 #96628] DEBUG -- : [:connector_group, :publish, 1, [GraphiteAPI::Connector localhost:2003]]
D, [2015-08-13T20:39:06.631888 #96628] DEBUG -- : [:connector, :puts, "localhost:2003", "intuit.FPS.check2.responsetime 11.0 1439523546"]
D, [2015-08-13T20:39:06.631916 #96628] DEBUG -- : [:buffer, :add, {:metric=>{"intuit.FPS.check2.status"=>0}, :time=>2015-08-13 20:39:06 -0700}]
D, [2015-08-13T20:39:06.631956 #96628] DEBUG -- : [:connector_group, :publish, 1, [GraphiteAPI::Connector localhost:2003]]
D, [2015-08-13T20:39:06.631975 #96628] DEBUG -- : [:connector, :puts, "localhost:2003", "intuit.FPS.check2.status 0.0 1439523546"]
D, [2015-08-13T20:39:18.154966 #96628] DEBUG -- : [:buffer, :add, {:metric=>{"intuit.QBO.check1.responsetime"=>4, "intuit.QBO.check1.status"=>1, "intuit.QBO.check2.responsetime"=>13, "intuit.QBO.check2.status"=>0}, :time=>2015-08-13 20:39:18 -0700}]
D, [2015-08-13T20:39:18.155051 #96628] DEBUG -- : [:connector_group, :publish, 4, [GraphiteAPI::Connector localhost:2003]]
D, [2015-08-13T20:39:18.155075 #96628] DEBUG -- : [:connector, :puts, "localhost:2003", "intuit.QBO.check1.responsetime 4.0 1439523558"]
D, [2015-08-13T20:39:18.155091 #96628] DEBUG -- : [:connector, ["localhost", 2003]]
D, [2015-08-13T20:39:18.155646 #96628] DEBUG -- : [:connector, :puts, "localhost:2003", "intuit.QBO.check1.status 1.0 1439523558"]
D, [2015-08-13T20:39:18.155687 #96628] DEBUG -- : [:connector, :puts, "localhost:2003", "intuit.QBO.check2.responsetime 13.0 1439523558"]
D, [2015-08-13T20:39:18.155730 #96628] DEBUG -- : [:connector, :puts, "localhost:2003", "intuit.QBO.check2.status 0.0 1439523558"]
D, [2015-08-13T20:41:02.748824 #96628] DEBUG -- : [:buffer, :add, {:metric=>{"intuit.QBO.check1.responsetime"=>4, "intuit.QBO.check1.status"=>1, "intuit.QBO.check2.responsetime"=>9, "intuit.QBO.check2.status"=>0}, :time=>2015-08-13 20:41:02 -0700}]
D, [2015-08-13T20:41:02.748939 #96628] DEBUG -- : [:connector_group, :publish, 4, [GraphiteAPI::Connector localhost:2003]]
D, [2015-08-13T20:41:02.748972 #96628] DEBUG -- : [:connector, :puts, "localhost:2003", "intuit.QBO.check1.responsetime 4.0 1439523662"]
D, [2015-08-13T20:41:02.748992 #96628] DEBUG -- : [:connector, ["localhost", 2003]]
D, [2015-08-13T20:41:02.749583 #96628] DEBUG -- : [:connector, :puts, "localhost:2003", "intuit.QBO.check1.status 1.0 1439523662"]
D, [2015-08-13T20:41:02.749635 #96628] DEBUG -- : [:connector, :puts, "localhost:2003", "intuit.QBO.check2.responsetime 9.0 1439523662"]
D, [2015-08-13T20:41:02.749669 #96628] DEBUG -- : [:connector, :puts, "localhost:2003", "intuit.QBO.check2.status 0.0 1439523662"]
D, [2015-08-13T20:41:05.948422 #96628] DEBUG -- : [:buffer, :add, {:metric=>{"intuit.QBO.check1.responsetime"=>1, "intuit.QBO.check1.status"=>1, "intuit.QBO.check2.responsetime"=>15, "intuit.QBO.check2.status"=>0}, :time=>2015-08-13 20:41:05 -0700}]
D, [2015-08-13T20:41:05.948537 #96628] DEBUG -- : [:connector_group, :publish, 4, [GraphiteAPI::Connector localhost:2003]]
D, [2015-08-13T20:41:05.948568 #96628] DEBUG -- : [:connector, :puts, "localhost:2003", "intuit.QBO.check1.responsetime 1.0 1439523665"]
D, [2015-08-13T20:41:05.948588 #96628] DEBUG -- : [:connector, ["localhost", 2003]]
D, [2015-08-13T20:41:05.949195 #96628] DEBUG -- : [:connector, :puts, "localhost:2003", "intuit.QBO.check1.status 1.0 1439523665"]
D, [2015-08-13T20:41:05.949248 #96628] DEBUG -- : [:connector, :puts, "localhost:2003", "intuit.QBO.check2.responsetime 15.0 1439523665"]
D, [2015-08-13T20:41:05.949299 #96628] DEBUG -- : [:connector, :puts, "localhost:2003", "intuit.QBO.check2.status 0.0 1439523665"]
D, [2015-08-13T20:41:08.281949 #96628] DEBUG -- : [:buffer, :add, {:metric=>{"intuit.QBO.check1.responsetime"=>5, "intuit.QBO.check1.status"=>1, "intuit.QBO.check2.responsetime"=>11, "intuit.QBO.check2.status"=>0}, :time=>2015-08-13 20:41:08 -0700}]
D, [2015-08-13T20:41:08.282036 #96628] DEBUG -- : [:connector_group, :publish, 4, [GraphiteAPI::Connector localhost:2003]]
D, [2015-08-13T20:41:08.282087 #96628] DEBUG -- : [:connector, :puts, "localhost:2003", "intuit.QBO.check1.responsetime 5.0 1439523668"]
D, [2015-08-13T20:41:08.282103 #96628] DEBUG -- : [:connector, ["localhost", 2003]]
D, [2015-08-13T20:41:08.282676 #96628] DEBUG -- : [:connector, :puts, "localhost:2003", "intuit.QBO.check1.status 1.0 1439523668"]
D, [2015-08-13T20:41:08.282721 #96628] DEBUG -- : [:connector, :puts, "localhost:2003", "intuit.QBO.check2.responsetime 11.0 1439523668"]
D, [2015-08-13T20:41:08.282747 #96628] DEBUG -- : [:connector, :puts, "localhost:2003", "intuit.QBO.check2.status 0.0 1439523668"]
D, [2015-08-13T20:57:32.011026 #96721] DEBUG -- : [:buffer, :add, {:metric=>{"intuit.QBO.check1.responsetime"=>3, "intuit.QBO.check1.status"=>1, "intuit.QBO.check2.responsetime"=>14, "intuit.QBO.check2.status"=>0}, :time=>2015-08-13 20:57:32 -0700}]
D, [2015-08-13T20:57:32.011171 #96721] DEBUG -- : [:connector_group, :publish, 4, [GraphiteAPI::Connector localhost:2003]]
D, [2015-08-13T20:57:32.011203 #96721] DEBUG -- : [:connector, :puts, "localhost:2003", "intuit.QBO.check1.responsetime 3.0 1439524652"]
D, [2015-08-13T20:57:32.011223 #96721] DEBUG -- : [:connector, ["localhost", 2003]]
D, [2015-08-13T20:57:32.011793 #96721] DEBUG -- : [:connector, :puts, "localhost:2003", "intuit.QBO.check1.status 1.0 1439524652"]
D, [2015-08-13T20:57:32.011842 #96721] DEBUG -- : [:connector, :puts, "localhost:2003", "intuit.QBO.check2.responsetime 14.0 1439524652"]
D, [2015-08-13T20:57:32.011870 #96721] DEBUG -- : [:connector, :puts, "localhost:2003", "intuit.QBO.check2.status 0.0 1439524652"]
D, [2015-08-13T20:57:37.893684 #96721] DEBUG -- : [:buffer, :add, {:metric=>{"intuit.FPS.check1.responsetime"=>13}, :time=>2015-08-13 20:57:37 -0700}]
D, [2015-08-13T20:57:37.893762 #96721] DEBUG -- : [:connector_group, :publish, 1, [GraphiteAPI::Connector localhost:2003]]
D, [2015-08-13T20:57:37.893788 #96721] DEBUG -- : [:connector, :puts, "localhost:2003", "intuit.FPS.check1.responsetime 13.0 1439524657"]
D, [2015-08-13T20:57:42.106920 #96721] DEBUG -- : [:buffer, :add, {:metric=>{"intuit.FPS.check1.responsetime"=>8}, :time=>2015-08-13 20:57:42 -0700}]
D, [2015-08-13T20:57:42.106994 #96721] DEBUG -- : [:connector_group, :publish, 1, [GraphiteAPI::Connector localhost:2003]]
D, [2015-08-13T20:57:42.107040 #96721] DEBUG -- : [:connector, :puts, "localhost:2003", "intuit.FPS.check1.responsetime 8.0 1439524662"]
D, [2015-08-13T20:57:42.107123 #96721] DEBUG -- : [:buffer, :add, {:metric=>{"intuit.FPS.check1.status"=>0}, :time=>2015-08-13 20:57:42 -0700}]
D, [2015-08-13T20:57:42.107165 #96721] DEBUG -- : [:connector_group, :publish, 1, [GraphiteAPI::Connector localhost:2003]]
D, [2015-08-13T20:57:42.107183 #96721] DEBUG -- : [:connector, :puts, "localhost:2003", "intuit.FPS.check1.status 0.0 1439524662"]
D, [2015-08-13T20:57:45.944987 #96721] DEBUG -- : [:buffer, :add, {:metric=>{"intuit.FPS.check1.responsetime"=>5}, :time=>2015-08-13 20:57:45 -0700}]
D, [2015-08-13T20:57:45.945059 #96721] DEBUG -- : [:connector_group, :publish, 1, [GraphiteAPI::Connector localhost:2003]]
D, [2015-08-13T20:57:45.945085 #96721] DEBUG -- : [:connector, :puts, "localhost:2003", "intuit.FPS.check1.responsetime 5.0 1439524665"]
D, [2015-08-13T20:57:45.945127 #96721] DEBUG -- : [:buffer, :add, {:metric=>{"intuit.FPS.check1.status"=>1}, :time=>2015-08-13 20:57:45 -0700}]
D, [2015-08-13T20:57:45.945164 #96721] DEBUG -- : [:connector_group, :publish, 1, [GraphiteAPI::Connector localhost:2003]]
D, [2015-08-13T20:57:45.945182 #96721] DEBUG -- : [:connector, :puts, "localhost:2003", "intuit.FPS.check1.status 1.0 1439524665"]
D, [2015-08-13T20:57:45.945207 #96721] DEBUG -- : [:buffer, :add, {:metric=>{"intuit.FPS.check2.responsetime"=>10}, :time=>2015-08-13 20:57:45 -0700}]
D, [2015-08-13T20:57:45.945242 #96721] DEBUG -- : [:connector_group, :publish, 1, [GraphiteAPI::Connector localhost:2003]]
D, [2015-08-13T20:57:45.945260 #96721] DEBUG -- : [:connector, :puts, "localhost:2003", "intuit.FPS.check2.responsetime 10.0 1439524665"]
D, [2015-08-13T20:57:45.945288 #96721] DEBUG -- : [:buffer, :add, {:metric=>{"intuit.FPS.check2.status"=>0}, :time=>2015-08-13 20:57:45 -0700}]
D, [2015-08-13T20:57:45.945356 #96721] DEBUG -- : [:connector_group, :publish, 1, [GraphiteAPI::Connector localhost:2003]]
D, [2015-08-13T20:57:45.945374 #96721] DEBUG -- : [:connector, :puts, "localhost:2003", "intuit.FPS.check2.status 0.0 1439524665"]
D, [2015-08-13T20:58:50.428649 #96721] DEBUG -- : [:buffer, :add, {:metric=>{"intuit.FPS.check1.responsetime"=>1}, :time=>2015-08-13 20:58:50 -0700}]
D, [2015-08-13T20:58:50.428727 #96721] DEBUG -- : [:connector_group, :publish, 1, [GraphiteAPI::Connector localhost:2003]]
D, [2015-08-13T20:58:50.428756 #96721] DEBUG -- : [:connector, :puts, "localhost:2003", "intuit.FPS.check1.responsetime 1.0 1439524730"]
D, [2015-08-13T20:58:50.428797 #96721] DEBUG -- : [:buffer, :add, {:metric=>{"intuit.FPS.check1.status"=>1}, :time=>2015-08-13 20:58:50 -0700}]
D, [2015-08-13T20:58:50.428865 #96721] DEBUG -- : [:connector_group, :publish, 1, [GraphiteAPI::Connector localhost:2003]]
D, [2015-08-13T20:58:50.428886 #96721] DEBUG -- : [:connector, :puts, "localhost:2003", "intuit.FPS.check1.status 1.0 1439524730"]
D, [2015-08-13T20:58:50.428917 #96721] DEBUG -- : [:buffer, :add, {:metric=>{"intuit.FPS.check2.responsetime"=>15}, :time=>2015-08-13 20:58:50 -0700}]
D, [2015-08-13T20:58:50.428955 #96721] DEBUG -- : [:connector_group, :publish, 1, [GraphiteAPI::Connector localhost:2003]]
D, [2015-08-13T20:58:50.428973 #96721] DEBUG -- : [:connector, :puts, "localhost:2003", "intuit.FPS.check2.responsetime 15.0 1439524730"]
D, [2015-08-13T20:58:50.429000 #96721] DEBUG -- : [:buffer, :add, {:metric=>{"intuit.FPS.check2.status"=>0}, :time=>2015-08-13 20:58:50 -0700}]
D, [2015-08-13T20:58:50.429036 #96721] DEBUG -- : [:connector_group, :publish, 1, [GraphiteAPI::Connector localhost:2003]]
D, [2015-08-13T20:58:50.429056 #96721] DEBUG -- : [:connector, :puts, "localhost:2003", "intuit.FPS.check2.status 0.0 1439524730"]
D, [2015-08-13T20:59:00.059965 #96721] DEBUG -- : [:buffer, :add, {:metric=>{"intuit.FPS.check1.responsetime"=>1}, :time=>2015-08-13 20:59:00 -0700}]
D, [2015-08-13T20:59:00.060048 #96721] DEBUG -- : [:connector_group, :publish, 1, [GraphiteAPI::Connector localhost:2003]]
D, [2015-08-13T20:59:00.060094 #96721] DEBUG -- : [:connector, :puts, "localhost:2003", "intuit.FPS.check1.responsetime 1.0 1439524740"]
D, [2015-08-13T20:59:00.060142 #96721] DEBUG -- : [:buffer, :add, {:metric=>{"intuit.FPS.check1.status"=>1}, :time=>2015-08-13 20:59:00 -0700}]
D, [2015-08-13T20:59:00.060203 #96721] DEBUG -- : [:connector_group, :publish, 1, [GraphiteAPI::Connector localhost:2003]]
D, [2015-08-13T20:59:00.060225 #96721] DEBUG -- : [:connector, :puts, "localhost:2003", "intuit.FPS.check1.status 1.0 1439524740"]
D, [2015-08-13T20:59:00.060261 #96721] DEBUG -- : [:buffer, :add, {:metric=>{"intuit.FPS.check2.responsetime"=>9}, :time=>2015-08-13 20:59:00 -0700}]
D, [2015-08-13T20:59:00.060303 #96721] DEBUG -- : [:connector_group, :publish, 1, [GraphiteAPI::Connector localhost:2003]]
D, [2015-08-13T20:59:00.060330 #96721] DEBUG -- : [:connector, :puts, "localhost:2003", "intuit.FPS.check2.responsetime 9.0 1439524740"]
D, [2015-08-13T20:59:00.060369 #96721] DEBUG -- : [:buffer, :add, {:metric=>{"intuit.FPS.check2.status"=>0}, :time=>2015-08-13 20:59:00 -0700}]
D, [2015-08-13T20:59:00.060417 #96721] DEBUG -- : [:connector_group, :publish, 1, [GraphiteAPI::Connector localhost:2003]]
D, [2015-08-13T20:59:00.060445 #96721] DEBUG -- : [:connector, :puts, "localhost:2003", "intuit.FPS.check2.status 0.0 1439524740"]
D, [2015-08-13T20:59:12.747159 #96721] DEBUG -- : [:buffer, :add, {:metric=>{"intuit.FPS.check1.responsetime"=>1}, :time=>2015-08-13 20:59:12 -0700}]
D, [2015-08-13T20:59:12.747242 #96721] DEBUG -- : [:connector_group, :publish, 1, [GraphiteAPI::Connector localhost:2003]]
D, [2015-08-13T20:59:12.747271 #96721] DEBUG -- : [:connector, :puts, "localhost:2003", "intuit.FPS.check1.responsetime 1.0 1439524752"]
D, [2015-08-13T20:59:12.747319 #96721] DEBUG -- : [:buffer, :add, {:metric=>{"intuit.FPS.check1.status"=>1}, :time=>2015-08-13 20:59:12 -0700}]
D, [2015-08-13T20:59:12.747363 #96721] DEBUG -- : [:connector_group, :publish, 1, [GraphiteAPI::Connector localhost:2003]]
D, [2015-08-13T20:59:12.747385 #96721] DEBUG -- : [:connector, :puts, "localhost:2003", "intuit.FPS.check1.status 1.0 1439524752"]
D, [2015-08-13T20:59:12.747416 #96721] DEBUG -- : [:buffer, :add, {:metric=>{"intuit.FPS.check2.responsetime"=>14}, :time=>2015-08-13 20:59:12 -0700}]
D, [2015-08-13T20:59:12.747457 #96721] DEBUG -- : [:connector_group, :publish, 1, [GraphiteAPI::Connector localhost:2003]]
D, [2015-08-13T20:59:12.747477 #96721] DEBUG -- : [:connector, :puts, "localhost:2003", "intuit.FPS.check2.responsetime 14.0 1439524752"]
D, [2015-08-13T20:59:12.747543 #96721] DEBUG -- : [:buffer, :add, {:metric=>{"intuit.FPS.check2.status"=>0}, :time=>2015-08-13 20:59:12 -0700}]
D, [2015-08-13T20:59:12.747584 #96721] DEBUG -- : [:connector_group, :publish, 1, [GraphiteAPI::Connector localhost:2003]]
D, [2015-08-13T20:59:12.747604 #96721] DEBUG -- : [:connector, :puts, "localhost:2003", "intuit.FPS.check2.status 0.0 1439524752"]
